slurmstepd: error: execve(): /vast/home/ajherman/continualEP/./main_wrapper.sh: Permission denied
slurmstepd: error: execve(): /vast/home/ajherman/continualEP/./main_wrapper.sh: Permission denied
slurmstepd: error: execve(): /vast/home/ajherman/continualEP/./main_wrapper.sh: Permission denied
slurmstepd: error: execve(): /vast/home/ajherman/continualEP/./main_wrapper.sh: Permission denied
slurmstepd: error: execve(): /vast/home/ajherman/continualEP/./main_wrapper.sh: Permission denied
slurmstepd: error: execve(): /vast/home/ajherman/continualEP/./main_wrapper.sh: Permission denied
slurmstepd: error: execve(): /vast/home/ajherman/continualEP/./main_wrapper.sh: Permission denied
slurmstepd: error: execve(): /vast/home/ajherman/continualEP/./main_wrapper.sh: Permission denied
/vast/home/ajherman/miniconda3/envs/pytorch/lib/python3.11/site-packages/torchvision/io/image.py:13: UserWarning: Failed to load image Python extension: '/vast/home/ajherman/miniconda3/envs/pytorch/lib/python3.11/site-packages/torchvision/image.so: undefined symbol: _ZN5torch3jit17parseSchemaOrNameERKNSt7__cxx1112basic_stringIcSt11char_traitsIcESaIcEEE'If you don't plan on using image functionality from `torchvision.io`, you can ignore this warning. Otherwise, there might be something wrong with your environment. Did you have `libjpeg` or `libpng` installed before building `torchvision` from source?
  warn(
/vast/home/ajherman/miniconda3/envs/pytorch/lib/python3.11/site-packages/torchvision/io/image.py:13: UserWarning: Failed to load image Python extension: '/vast/home/ajherman/miniconda3/envs/pytorch/lib/python3.11/site-packages/torchvision/image.so: undefined symbol: _ZN5torch3jit17parseSchemaOrNameERKNSt7__cxx1112basic_stringIcSt11char_traitsIcESaIcEEE'If you don't plan on using image functionality from `torchvision.io`, you can ignore this warning. Otherwise, there might be something wrong with your environment. Did you have `libjpeg` or `libpng` installed before building `torchvision` from source?
  warn(
/vast/home/ajherman/miniconda3/envs/pytorch/lib/python3.11/site-packages/torchvision/io/image.py:13: UserWarning: Failed to load image Python extension: '/vast/home/ajherman/miniconda3/envs/pytorch/lib/python3.11/site-packages/torchvision/image.so: undefined symbol: _ZN5torch3jit17parseSchemaOrNameERKNSt7__cxx1112basic_stringIcSt11char_traitsIcESaIcEEE'If you don't plan on using image functionality from `torchvision.io`, you can ignore this warning. Otherwise, there might be something wrong with your environment. Did you have `libjpeg` or `libpng` installed before building `torchvision` from source?
  warn(
/vast/home/ajherman/miniconda3/envs/pytorch/lib/python3.11/site-packages/torchvision/io/image.py:13: UserWarning: Failed to load image Python extension: '/vast/home/ajherman/miniconda3/envs/pytorch/lib/python3.11/site-packages/torchvision/image.so: undefined symbol: _ZN5torch3jit17parseSchemaOrNameERKNSt7__cxx1112basic_stringIcSt11char_traitsIcESaIcEEE'If you don't plan on using image functionality from `torchvision.io`, you can ignore this warning. Otherwise, there might be something wrong with your environment. Did you have `libjpeg` or `libpng` installed before building `torchvision` from source?
  warn(
Random seed set as 42
usage: main.py [-h] [--batch-size N] [--test-batch-size N] [--epochs N]
               [--lr_tab LR [LR ...]] [--randbeta RANDBETA]
               [--size_tab ST [ST ...]] [--discrete] [--dt DT] [--T T]
               [--Kmax Kmax] [--beta BETA] [--activation-function ACTFUN]
               [--no-clamp] [--learning-rule LR] [--cep] [--angle ANGLE]
               [--action ACTION] [--device-label DEVICE_LABEL] [--debug-cep]
               [--seed SEED [SEED ...]] [--angle-grad] [--use-bias]
               [--no-rhop] [--update-rule UPDATE_RULE] [--no-reset]
               [--plain-data] [--trace-decay TRACE_DECAY]
               [--directory DIRECTORY] [--load] [--spiking]
               [--spike-height SPIKE_HEIGHT] [--step STEP]
               [--tau-dynamic TAU_DYNAMIC] [--tau-trace TAU_TRACE]
               [--max-fr MAX_FR]
main.py: error: argument --directory: expected one argument
/vast/home/ajherman/miniconda3/envs/pytorch/lib/python3.11/site-packages/torchvision/io/image.py:13: UserWarning: Failed to load image Python extension: '/vast/home/ajherman/miniconda3/envs/pytorch/lib/python3.11/site-packages/torchvision/image.so: undefined symbol: _ZN5torch3jit17parseSchemaOrNameERKNSt7__cxx1112basic_stringIcSt11char_traitsIcESaIcEEE'If you don't plan on using image functionality from `torchvision.io`, you can ignore this warning. Otherwise, there might be something wrong with your environment. Did you have `libjpeg` or `libpng` installed before building `torchvision` from source?
/vast/home/ajherman/miniconda3/envs/pytorch/lib/python3.11/site-packages/torchvision/io/image.py:13: UserWarning: Failed to load image Python extension: '/vast/home/ajherman/miniconda3/envs/pytorch/lib/python3.11/site-packages/torchvision/image.so: undefined symbol: _ZN5torch3jit17parseSchemaOrNameERKNSt7__cxx1112basic_stringIcSt11char_traitsIcESaIcEEE'If you don't plan on using image functionality from `torchvision.io`, you can ignore this warning. Otherwise, there might be something wrong with your environment. Did you have `libjpeg` or `libpng` installed before building `torchvision` from source?
  warn(
  warn(
/vast/home/ajherman/miniconda3/envs/pytorch/lib/python3.11/site-packages/torchvision/io/image.py:13: UserWarning: Failed to load image Python extension: '/vast/home/ajherman/miniconda3/envs/pytorch/lib/python3.11/site-packages/torchvision/image.so: undefined symbol: _ZN5torch3jit17parseSchemaOrNameERKNSt7__cxx1112basic_stringIcSt11char_traitsIcESaIcEEE'If you don't plan on using image functionality from `torchvision.io`, you can ignore this warning. Otherwise, there might be something wrong with your environment. Did you have `libjpeg` or `libpng` installed before building `torchvision` from source?
  warn(
/vast/home/ajherman/miniconda3/envs/pytorch/lib/python3.11/site-packages/torchvision/io/image.py:13: UserWarning: Failed to load image Python extension: '/vast/home/ajherman/miniconda3/envs/pytorch/lib/python3.11/site-packages/torchvision/image.so: undefined symbol: _ZN5torch3jit17parseSchemaOrNameERKNSt7__cxx1112basic_stringIcSt11char_traitsIcESaIcEEE'If you don't plan on using image functionality from `torchvision.io`, you can ignore this warning. Otherwise, there might be something wrong with your environment. Did you have `libjpeg` or `libpng` installed before building `torchvision` from source?
  warn(
/vast/home/ajherman/miniconda3/envs/pytorch/lib/python3.11/site-packages/torchvision/io/image.py:13: UserWarning: Failed to load image Python extension: '/vast/home/ajherman/miniconda3/envs/pytorch/lib/python3.11/site-packages/torchvision/image.so: undefined symbol: _ZN5torch3jit17parseSchemaOrNameERKNSt7__cxx1112basic_stringIcSt11char_traitsIcESaIcEEE'If you don't plan on using image functionality from `torchvision.io`, you can ignore this warning. Otherwise, there might be something wrong with your environment. Did you have `libjpeg` or `libpng` installed before building `torchvision` from source?
/vast/home/ajherman/miniconda3/envs/pytorch/lib/python3.11/site-packages/torchvision/io/image.py:13: UserWarning: Failed to load image Python extension: '/vast/home/ajherman/miniconda3/envs/pytorch/lib/python3.11/site-packages/torchvision/image.so: undefined symbol: _ZN5torch3jit17parseSchemaOrNameERKNSt7__cxx1112basic_stringIcSt11char_traitsIcESaIcEEE'If you don't plan on using image functionality from `torchvision.io`, you can ignore this warning. Otherwise, there might be something wrong with your environment. Did you have `libjpeg` or `libpng` installed before building `torchvision` from source?
  warn(
  warn(
/vast/home/ajherman/miniconda3/envs/pytorch/lib/python3.11/site-packages/torchvision/io/image.py:13: UserWarning: Failed to load image Python extension: '/vast/home/ajherman/miniconda3/envs/pytorch/lib/python3.11/site-packages/torchvision/image.so: undefined symbol: _ZN5torch3jit17parseSchemaOrNameERKNSt7__cxx1112basic_stringIcSt11char_traitsIcESaIcEEE'If you don't plan on using image functionality from `torchvision.io`, you can ignore this warning. Otherwise, there might be something wrong with your environment. Did you have `libjpeg` or `libpng` installed before building `torchvision` from source?
  warn(
/vast/home/ajherman/miniconda3/envs/pytorch/lib/python3.11/site-packages/torchvision/io/image.py:13: UserWarning: Failed to load image Python extension: '/vast/home/ajherman/miniconda3/envs/pytorch/lib/python3.11/site-packages/torchvision/image.so: undefined symbol: _ZN5torch3jit17parseSchemaOrNameERKNSt7__cxx1112basic_stringIcSt11char_traitsIcESaIcEEE'If you don't plan on using image functionality from `torchvision.io`, you can ignore this warning. Otherwise, there might be something wrong with your environment. Did you have `libjpeg` or `libpng` installed before building `torchvision` from source?
  warn(
/vast/home/ajherman/miniconda3/envs/pytorch/lib/python3.11/site-packages/torchvision/io/image.py:13: UserWarning: Failed to load image Python extension: '/vast/home/ajherman/miniconda3/envs/pytorch/lib/python3.11/site-packages/torchvision/image.so: undefined symbol: _ZN5torch3jit17parseSchemaOrNameERKNSt7__cxx1112basic_stringIcSt11char_traitsIcESaIcEEE'If you don't plan on using image functionality from `torchvision.io`, you can ignore this warning. Otherwise, there might be something wrong with your environment. Did you have `libjpeg` or `libpng` installed before building `torchvision` from source?
  warn(
/vast/home/ajherman/miniconda3/envs/pytorch/lib/python3.11/site-packages/torchvision/io/image.py:13: UserWarning: Failed to load image Python extension: '/vast/home/ajherman/miniconda3/envs/pytorch/lib/python3.11/site-packages/torchvision/image.so: undefined symbol: _ZN5torch3jit17parseSchemaOrNameERKNSt7__cxx1112basic_stringIcSt11char_traitsIcESaIcEEE'If you don't plan on using image functionality from `torchvision.io`, you can ignore this warning. Otherwise, there might be something wrong with your environment. Did you have `libjpeg` or `libpng` installed before building `torchvision` from source?
  warn(
Random seed set as 42
usage: main.py [-h] [--batch-size N] [--test-batch-size N] [--epochs N]
               [--lr_tab LR [LR ...]] [--randbeta RANDBETA]
               [--size_tab ST [ST ...]] [--discrete] [--dt DT] [--T T]
               [--Kmax Kmax] [--beta BETA] [--activation-function ACTFUN]
               [--no-clamp] [--learning-rule LR] [--cep] [--angle ANGLE]
               [--action ACTION] [--device-label DEVICE_LABEL] [--debug-cep]
               [--seed SEED [SEED ...]] [--angle-grad] [--use-bias]
               [--no-rhop] [--update-rule UPDATE_RULE] [--no-reset]
               [--plain-data] [--trace-decay TRACE_DECAY]
               [--directory DIRECTORY] [--load] [--spiking]
               [--spike-height SPIKE_HEIGHT] [--step STEP]
               [--tau-dynamic TAU_DYNAMIC] [--tau-trace TAU_TRACE]
               [--max-fr MAX_FR]
main.py: error: argument --directory: expected one argument
Random seed set as 42
usage: main.py [-h] [--batch-size N] [--test-batch-size N] [--epochs N]
               [--lr_tab LR [LR ...]] [--randbeta RANDBETA]
               [--size_tab ST [ST ...]] [--discrete] [--dt DT] [--T T]
               [--Kmax Kmax] [--beta BETA] [--activation-function ACTFUN]
               [--no-clamp] [--learning-rule LR] [--cep] [--angle ANGLE]
               [--action ACTION] [--device-label DEVICE_LABEL] [--debug-cep]
               [--seed SEED [SEED ...]] [--angle-grad] [--use-bias]
               [--no-rhop] [--update-rule UPDATE_RULE] [--no-reset]
               [--plain-data] [--trace-decay TRACE_DECAY]
               [--directory DIRECTORY] [--load] [--spiking]
               [--spike-height SPIKE_HEIGHT] [--step STEP]
               [--tau-dynamic TAU_DYNAMIC] [--tau-trace TAU_TRACE]
               [--max-fr MAX_FR]
main.py: error: argument --directory: expected one argument
Random seed set as 42
usage: main.py [-h] [--batch-size N] [--test-batch-size N] [--epochs N]
               [--lr_tab LR [LR ...]] [--randbeta RANDBETA]
               [--size_tab ST [ST ...]] [--discrete] [--dt DT] [--T T]
               [--Kmax Kmax] [--beta BETA] [--activation-function ACTFUN]
               [--no-clamp] [--learning-rule LR] [--cep] [--angle ANGLE]
               [--action ACTION] [--device-label DEVICE_LABEL] [--debug-cep]
               [--seed SEED [SEED ...]] [--angle-grad] [--use-bias]
               [--no-rhop] [--update-rule UPDATE_RULE] [--no-reset]
               [--plain-data] [--trace-decay TRACE_DECAY]
               [--directory DIRECTORY] [--load] [--spiking]
               [--spike-height SPIKE_HEIGHT] [--step STEP]
               [--tau-dynamic TAU_DYNAMIC] [--tau-trace TAU_TRACE]
               [--max-fr MAX_FR]
main.py: error: argument --directory: expected one argument
/vast/home/ajherman/miniconda3/envs/pytorch/lib/python3.11/site-packages/torchvision/io/image.py:13: UserWarning: Failed to load image Python extension: '/vast/home/ajherman/miniconda3/envs/pytorch/lib/python3.11/site-packages/torchvision/image.so: undefined symbol: _ZN5torch3jit17parseSchemaOrNameERKNSt7__cxx1112basic_stringIcSt11char_traitsIcESaIcEEE'If you don't plan on using image functionality from `torchvision.io`, you can ignore this warning. Otherwise, there might be something wrong with your environment. Did you have `libjpeg` or `libpng` installed before building `torchvision` from source?
  warn(
/vast/home/ajherman/miniconda3/envs/pytorch/lib/python3.11/site-packages/torchvision/io/image.py:13: UserWarning: Failed to load image Python extension: '/vast/home/ajherman/miniconda3/envs/pytorch/lib/python3.11/site-packages/torchvision/image.so: undefined symbol: _ZN5torch3jit17parseSchemaOrNameERKNSt7__cxx1112basic_stringIcSt11char_traitsIcESaIcEEE'If you don't plan on using image functionality from `torchvision.io`, you can ignore this warning. Otherwise, there might be something wrong with your environment. Did you have `libjpeg` or `libpng` installed before building `torchvision` from source?
  warn(
Random seed set as 42
Random seed set as 42
Random seed set as 42
Random seed set as 42
Random seed set as 42
Random seed set as 42
Random seed set as 42
Random seed set as 42
Random seed set as 42
Random seed set as 42
usage: main.py [-h] [--batch-size N] [--test-batch-size N] [--epochs N]
               [--lr_tab LR [LR ...]] [--randbeta RANDBETA]
               [--size_tab ST [ST ...]] [--discrete] [--dt DT] [--T T]
               [--Kmax Kmax] [--beta BETA] [--activation-function ACTFUN]
               [--no-clamp] [--learning-rule LR] [--cep] [--angle ANGLE]
               [--action ACTION] [--device-label DEVICE_LABEL] [--debug-cep]
               [--seed SEED [SEED ...]] [--angle-grad] [--use-bias]
               [--no-rhop] [--update-rule UPDATE_RULE] [--no-reset]
               [--plain-data] [--trace-decay TRACE_DECAY]
               [--directory DIRECTORY] [--load] [--spiking]
               [--spike-height SPIKE_HEIGHT] [--step STEP]
               [--tau-dynamic TAU_DYNAMIC] [--tau-trace TAU_TRACE]
               [--max-fr MAX_FR]
main.py: error: argument --directory: expected one argument
usage: main.py [-h] [--batch-size N] [--test-batch-size N] [--epochs N]
               [--lr_tab LR [LR ...]] [--randbeta RANDBETA]
               [--size_tab ST [ST ...]] [--discrete] [--dt DT] [--T T]
               [--Kmax Kmax] [--beta BETA] [--activation-function ACTFUN]
               [--no-clamp] [--learning-rule LR] [--cep] [--angle ANGLE]
               [--action ACTION] [--device-label DEVICE_LABEL] [--debug-cep]
               [--seed SEED [SEED ...]] [--angle-grad] [--use-bias]
               [--no-rhop] [--update-rule UPDATE_RULE] [--no-reset]
               [--plain-data] [--trace-decay TRACE_DECAY]
               [--directory DIRECTORY] [--load] [--spiking]
               [--spike-height SPIKE_HEIGHT] [--step STEP]
               [--tau-dynamic TAU_DYNAMIC] [--tau-trace TAU_TRACE]
               [--max-fr MAX_FR]
main.py: error: argument --directory: expected one argument
usage: main.py [-h] [--batch-size N] [--test-batch-size N] [--epochs N]
usage: main.py [-h] [--batch-size N] [--test-batch-size N] [--epochs N]
               [--lr_tab LR [LR ...]] [--randbeta RANDBETA]
               [--lr_tab LR [LR ...]] [--randbeta RANDBETA]
               [--size_tab ST [ST ...]] [--discrete] [--dt DT] [--T T]
               [--size_tab ST [ST ...]] [--discrete] [--dt DT] [--T T]
               [--Kmax Kmax] [--beta BETA] [--activation-function ACTFUN]
               [--Kmax Kmax] [--beta BETA] [--activation-function ACTFUN]
               [--no-clamp] [--learning-rule LR] [--cep] [--angle ANGLE]
               [--no-clamp] [--learning-rule LR] [--cep] [--angle ANGLE]
usage: main.py [-h] [--batch-size N] [--test-batch-size N] [--epochs N]
               [--action ACTION] [--device-label DEVICE_LABEL] [--debug-cep]
usage: main.py [-h] [--batch-size N] [--test-batch-size N] [--epochs N]
               [--action ACTION] [--device-label DEVICE_LABEL] [--debug-cep]
               [--lr_tab LR [LR ...]] [--randbeta RANDBETA]
               [--seed SEED [SEED ...]] [--angle-grad] [--use-bias]
               [--seed SEED [SEED ...]] [--angle-grad] [--use-bias]
               [--lr_tab LR [LR ...]] [--randbeta RANDBETA]
               [--size_tab ST [ST ...]] [--discrete] [--dt DT] [--T T]
               [--no-rhop] [--update-rule UPDATE_RULE] [--no-reset]
               [--no-rhop] [--update-rule UPDATE_RULE] [--no-reset]
               [--size_tab ST [ST ...]] [--discrete] [--dt DT] [--T T]
               [--Kmax Kmax] [--beta BETA] [--activation-function ACTFUN]
usage: main.py [-h] [--batch-size N] [--test-batch-size N] [--epochs N]
               [--plain-data] [--trace-decay TRACE_DECAY]
               [--plain-data] [--trace-decay TRACE_DECAY]
usage: main.py [-h] [--batch-size N] [--test-batch-size N] [--epochs N]
               [--Kmax Kmax] [--beta BETA] [--activation-function ACTFUN]
               [--no-clamp] [--learning-rule LR] [--cep] [--angle ANGLE]
               [--lr_tab LR [LR ...]] [--randbeta RANDBETA]
               [--directory DIRECTORY] [--load] [--spiking]
               [--directory DIRECTORY] [--load] [--spiking]
               [--lr_tab LR [LR ...]] [--randbeta RANDBETA]
               [--no-clamp] [--learning-rule LR] [--cep] [--angle ANGLE]
               [--action ACTION] [--device-label DEVICE_LABEL] [--debug-cep]
               [--size_tab ST [ST ...]] [--discrete] [--dt DT] [--T T]
               [--spike-height SPIKE_HEIGHT] [--step STEP]
               [--spike-height SPIKE_HEIGHT] [--step STEP]
               [--size_tab ST [ST ...]] [--discrete] [--dt DT] [--T T]
               [--action ACTION] [--device-label DEVICE_LABEL] [--debug-cep]
               [--seed SEED [SEED ...]] [--angle-grad] [--use-bias]
               [--Kmax Kmax] [--beta BETA] [--activation-function ACTFUN]
               [--tau-dynamic TAU_DYNAMIC] [--tau-trace TAU_TRACE]
               [--tau-dynamic TAU_DYNAMIC] [--tau-trace TAU_TRACE]
               [--Kmax Kmax] [--beta BETA] [--activation-function ACTFUN]
usage: main.py [-h] [--batch-size N] [--test-batch-size N] [--epochs N]
               [--seed SEED [SEED ...]] [--angle-grad] [--use-bias]
               [--no-rhop] [--update-rule UPDATE_RULE] [--no-reset]
               [--no-clamp] [--learning-rule LR] [--cep] [--angle ANGLE]
               [--max-fr MAX_FR]
               [--max-fr MAX_FR]
               [--no-clamp] [--learning-rule LR] [--cep] [--angle ANGLE]
               [--lr_tab LR [LR ...]] [--randbeta RANDBETA]
               [--no-rhop] [--update-rule UPDATE_RULE] [--no-reset]
               [--plain-data] [--trace-decay TRACE_DECAY]
               [--action ACTION] [--device-label DEVICE_LABEL] [--debug-cep]
main.py: error: argument --directory: expected one argument
               [--action ACTION] [--device-label DEVICE_LABEL] [--debug-cep]
               [--size_tab ST [ST ...]] [--discrete] [--dt DT] [--T T]
main.py: error: argument --directory: expected one argument
               [--plain-data] [--trace-decay TRACE_DECAY]
               [--directory DIRECTORY] [--load] [--spiking]
               [--seed SEED [SEED ...]] [--angle-grad] [--use-bias]
               [--seed SEED [SEED ...]] [--angle-grad] [--use-bias]
               [--Kmax Kmax] [--beta BETA] [--activation-function ACTFUN]
               [--no-clamp] [--learning-rule LR] [--cep] [--angle ANGLE]
               [--action ACTION] [--device-label DEVICE_LABEL] [--debug-cep]
               [--directory DIRECTORY] [--load] [--spiking]
               [--spike-height SPIKE_HEIGHT] [--step STEP]
               [--no-rhop] [--update-rule UPDATE_RULE] [--no-reset]
               [--no-rhop] [--update-rule UPDATE_RULE] [--no-reset]
               [--seed SEED [SEED ...]] [--angle-grad] [--use-bias]
               [--spike-height SPIKE_HEIGHT] [--step STEP]
               [--tau-dynamic TAU_DYNAMIC] [--tau-trace TAU_TRACE]
               [--plain-data] [--trace-decay TRACE_DECAY]
               [--plain-data] [--trace-decay TRACE_DECAY]
               [--no-rhop] [--update-rule UPDATE_RULE] [--no-reset]
               [--tau-dynamic TAU_DYNAMIC] [--tau-trace TAU_TRACE]
               [--max-fr MAX_FR]
               [--directory DIRECTORY] [--load] [--spiking]
               [--directory DIRECTORY] [--load] [--spiking]
               [--plain-data] [--trace-decay TRACE_DECAY]
               [--max-fr MAX_FR]
main.py: error: argument --directory: expected one argument
               [--spike-height SPIKE_HEIGHT] [--step STEP]
               [--spike-height SPIKE_HEIGHT] [--step STEP]
               [--directory DIRECTORY] [--load] [--spiking]
main.py: error: argument --directory: expected one argument
               [--tau-dynamic TAU_DYNAMIC] [--tau-trace TAU_TRACE]
               [--tau-dynamic TAU_DYNAMIC] [--tau-trace TAU_TRACE]
               [--spike-height SPIKE_HEIGHT] [--step STEP]
               [--max-fr MAX_FR]
               [--max-fr MAX_FR]
               [--tau-dynamic TAU_DYNAMIC] [--tau-trace TAU_TRACE]
main.py: error: argument --directory: expected one argument
               [--max-fr MAX_FR]
main.py: error: argument --directory: expected one argument
main.py: error: argument --directory: expected one argument
usage: main.py [-h] [--batch-size N] [--test-batch-size N] [--epochs N]
               [--lr_tab LR [LR ...]] [--randbeta RANDBETA]
               [--size_tab ST [ST ...]] [--discrete] [--dt DT] [--T T]
               [--Kmax Kmax] [--beta BETA] [--activation-function ACTFUN]
               [--no-clamp] [--learning-rule LR] [--cep] [--angle ANGLE]
               [--action ACTION] [--device-label DEVICE_LABEL] [--debug-cep]
               [--seed SEED [SEED ...]] [--angle-grad] [--use-bias]
               [--no-rhop] [--update-rule UPDATE_RULE] [--no-reset]
               [--plain-data] [--trace-decay TRACE_DECAY]
               [--directory DIRECTORY] [--load] [--spiking]
               [--spike-height SPIKE_HEIGHT] [--step STEP]
               [--tau-dynamic TAU_DYNAMIC] [--tau-trace TAU_TRACE]
               [--max-fr MAX_FR]
main.py: error: argument --directory: expected one argument
/vast/home/ajherman/miniconda3/envs/pytorch/lib/python3.11/site-packages/torchvision/io/image.py:13: UserWarning: Failed to load image Python extension: '/vast/home/ajherman/miniconda3/envs/pytorch/lib/python3.11/site-packages/torchvision/image.so: undefined symbol: _ZN5torch3jit17parseSchemaOrNameERKNSt7__cxx1112basic_stringIcSt11char_traitsIcESaIcEEE'If you don't plan on using image functionality from `torchvision.io`, you can ignore this warning. Otherwise, there might be something wrong with your environment. Did you have `libjpeg` or `libpng` installed before building `torchvision` from source?
  warn(
Random seed set as 42
usage: main.py [-h] [--batch-size N] [--test-batch-size N] [--epochs N]
               [--lr_tab LR [LR ...]] [--randbeta RANDBETA]
               [--size_tab ST [ST ...]] [--discrete] [--dt DT] [--T T]
               [--Kmax Kmax] [--beta BETA] [--activation-function ACTFUN]
               [--no-clamp] [--learning-rule LR] [--cep] [--angle ANGLE]
               [--action ACTION] [--device-label DEVICE_LABEL] [--debug-cep]
               [--seed SEED [SEED ...]] [--angle-grad] [--use-bias]
               [--no-rhop] [--update-rule UPDATE_RULE] [--no-reset]
               [--plain-data] [--trace-decay TRACE_DECAY]
               [--directory DIRECTORY] [--load] [--spiking]
               [--spike-height SPIKE_HEIGHT] [--step STEP]
               [--tau-dynamic TAU_DYNAMIC] [--tau-trace TAU_TRACE]
               [--max-fr MAX_FR]
main.py: error: argument --directory: expected one argument
Random seed set as 42
usage: main.py [-h] [--batch-size N] [--test-batch-size N] [--epochs N]
               [--lr_tab LR [LR ...]] [--randbeta RANDBETA]
               [--size_tab ST [ST ...]] [--discrete] [--dt DT] [--T T]
               [--Kmax Kmax] [--beta BETA] [--activation-function ACTFUN]
               [--no-clamp] [--learning-rule LR] [--cep] [--angle ANGLE]
               [--action ACTION] [--device-label DEVICE_LABEL] [--debug-cep]
               [--seed SEED [SEED ...]] [--angle-grad] [--use-bias]
               [--no-rhop] [--update-rule UPDATE_RULE] [--no-reset]
               [--plain-data] [--trace-decay TRACE_DECAY]
               [--directory DIRECTORY] [--load] [--spiking]
               [--spike-height SPIKE_HEIGHT] [--step STEP]
               [--tau-dynamic TAU_DYNAMIC] [--tau-trace TAU_TRACE]
               [--max-fr MAX_FR]
main.py: error: argument --directory: expected one argument
Random seed set as 42
usage: main.py [-h] [--batch-size N] [--test-batch-size N] [--epochs N]
               [--lr_tab LR [LR ...]] [--randbeta RANDBETA]
               [--size_tab ST [ST ...]] [--discrete] [--dt DT] [--T T]
               [--Kmax Kmax] [--beta BETA] [--activation-function ACTFUN]
               [--no-clamp] [--learning-rule LR] [--cep] [--angle ANGLE]
               [--action ACTION] [--device-label DEVICE_LABEL] [--debug-cep]
               [--seed SEED [SEED ...]] [--angle-grad] [--use-bias]
               [--no-rhop] [--update-rule UPDATE_RULE] [--no-reset]
               [--plain-data] [--trace-decay TRACE_DECAY]
               [--directory DIRECTORY] [--load] [--spiking]
               [--spike-height SPIKE_HEIGHT] [--step STEP]
               [--tau-dynamic TAU_DYNAMIC] [--tau-trace TAU_TRACE]
               [--max-fr MAX_FR]
main.py: error: argument --directory: expected one argument
/vast/home/ajherman/miniconda3/envs/pytorch/lib/python3.11/site-packages/torchvision/io/image.py:13: UserWarning: Failed to load image Python extension: '/vast/home/ajherman/miniconda3/envs/pytorch/lib/python3.11/site-packages/torchvision/image.so: undefined symbol: _ZN5torch3jit17parseSchemaOrNameERKNSt7__cxx1112basic_stringIcSt11char_traitsIcESaIcEEE'If you don't plan on using image functionality from `torchvision.io`, you can ignore this warning. Otherwise, there might be something wrong with your environment. Did you have `libjpeg` or `libpng` installed before building `torchvision` from source?
  warn(
Random seed set as 42
usage: main.py [-h] [--batch-size N] [--test-batch-size N] [--epochs N]
               [--lr_tab LR [LR ...]] [--randbeta RANDBETA]
               [--size_tab ST [ST ...]] [--discrete] [--dt DT] [--T T]
               [--Kmax Kmax] [--beta BETA] [--activation-function ACTFUN]
               [--no-clamp] [--learning-rule LR] [--cep] [--angle ANGLE]
               [--action ACTION] [--device-label DEVICE_LABEL] [--debug-cep]
               [--seed SEED [SEED ...]] [--angle-grad] [--use-bias]
               [--no-rhop] [--update-rule UPDATE_RULE] [--no-reset]
               [--plain-data] [--trace-decay TRACE_DECAY]
               [--directory DIRECTORY] [--load] [--spiking]
               [--spike-height SPIKE_HEIGHT] [--step STEP]
               [--tau-dynamic TAU_DYNAMIC] [--tau-trace TAU_TRACE]
               [--max-fr MAX_FR]
main.py: error: argument --directory: expected one argument
